<?xml version="1.0" ?><testsuites errors="0" failures="0" name="test_calc" skipped="0" tests="3" time="0.024247"><testsuite errors="0" failures="0" name="test_calc.SingleFileTestScript" package="test_calc.SingleFileTestScript" skipped="0" tests="3"><testcase name="test_add" status="success" time="0.003895"/><testcase name="test_divide" status="success" time="0.002509"/><testcase name="test_multiply" status="success" time="0.001662"/></testsuite></testsuites>